{
  "tool": "verify_system",
  "timestamp_utc": "2025-12-20T14:06:50.623878+00:00",
  "project_root": "F:\\AION-ZERO",
  "strict": true,
  "blocks": [
    "env_compliance",
    "hr_compliance",
    "labour_obligations"
  ],
  "results": [
    {
      "block": "env_compliance",
      "guardrail": {
        "name": "guardrail:env_compliance",
        "ok": false,
        "exit_code": 1,
        "stdout": "",
        "stderr": "Traceback (most recent call last):\n  File \"F:\\AION-ZERO\\core\\quality\\titan_guardrail.py\", line 460, in main\n    print_human_report(report)\n    ~~~~~~~~~~~~~~~~~~^^^^^^^^\n  File \"F:\\AION-ZERO\\core\\quality\\titan_guardrail.py\", line 397, in print_human_report\n    print(f\"\\U0001f6e1\\ufe0f TITAN GUARDRAIL \u2014 target: {report['target']}\")\n    ~~~~~^^^^^^^^^^^^^^^^^^^^^^^^^^^^^^^^^^^^^^^^^^^^^^^^^^^^\n  File \"C:\\Python313\\Lib\\encodings\\cp1252.py\", line 19, in encode\n    return codecs.charmap_encode(input,self.errors,encoding_table)[0]\n           ~~~~~~~~~~~~~~~~~~~~~^^^^^^^^^^^^^^^^^^^^^^^^^^^^^^^^^^\nUnicodeEncodeError: 'charmap' codec can't encode characters in position 0-1: character maps to <undefined>\n\nDuring handling of the above exception, another exception occurred:\n\nTraceback (most recent call last):\n  File \"F:\\AION-ZERO\\core\\quality\\titan_guardrail.py\", line 470, in <module>\n    main()\n    ~~~~^^\n  File \"F:\\AION-ZERO\\core\\quality\\titan_guardrail.py\", line 465, in main\n    print(\"\\u26d4 GUARDRAIL ERROR (tool failure):\", e)\n    ~~~~~^^^^^^^^^^^^^^^^^^^^^^^^^^^^^^^^^^^^^^^^^\n  File \"C:\\Python313\\Lib\\encodings\\cp1252.py\", line 19, in encode\n    return codecs.charmap_encode(input,self.errors,encoding_table)[0]\n           ~~~~~~~~~~~~~~~~~~~~~^^^^^^^^^^^^^^^^^^^^^^^^^^^^^^^^^^\nUnicodeEncodeError: 'charmap' codec can't encode character '\\u26d4' in position 0: character maps to <undefined>\n",
        "meta": {
          "cmd": [
            "C:\\Python313\\python.exe",
            "F:\\AION-ZERO\\core\\quality\\titan_guardrail.py",
            "--target",
            "F:\\AION-ZERO\\blocks\\env_compliance",
            "--json",
            "F:\\AION-ZERO\\logs\\guardrail\\env_compliance.json",
            "--strict",
            "--require-tools"
          ],
          "cwd": "F:\\AION-ZERO"
        }
      },
      "run": {
        "name": "run:env_compliance",
        "ok": false,
        "exit_code": 1,
        "stdout": "",
        "stderr": "Traceback (most recent call last):\n  File \"F:\\AION-ZERO\\blocks\\env_compliance\\validator.py\", line 166, in <module>\n    main()\n    ~~~~^^\n  File \"F:\\AION-ZERO\\blocks\\env_compliance\\validator.py\", line 139, in main\n    gate.enforce(AutonomyLevel.L1_ADVISOR, \"TITAN-ENV Validation Run\")\n    ~~~~~~~~~~~~^^^^^^^^^^^^^^^^^^^^^^^^^^^^^^^^^^^^^^^^^^^^^^^^^^^^^^\n  File \"F:\\AION-ZERO\\core\\autonomy.py\", line 49, in enforce\n    if not self.check_permission(required_level, action_name):\n           ~~~~~~~~~~~~~~~~~~~~~^^^^^^^^^^^^^^^^^^^^^^^^^^^^^\n  File \"F:\\AION-ZERO\\core\\autonomy.py\", line 42, in check_permission\n    print(f\"\\u2705 Autonomy Check Passed: '{action_name}' ({required_level.name}) <= System ({self.global_level.name})\")\n    ~~~~~^^^^^^^^^^^^^^^^^^^^^^^^^^^^^^^^^^^^^^^^^^^^^^^^^^^^^^^^^^^^^^^^^^^^^^^^^^^^^^^^^^^^^^^^^^^^^^^^^^^^^^^^^^^\n  File \"C:\\Python313\\Lib\\encodings\\cp1252.py\", line 19, in encode\n    return codecs.charmap_encode(input,self.errors,encoding_table)[0]\n           ~~~~~~~~~~~~~~~~~~~~~^^^^^^^^^^^^^^^^^^^^^^^^^^^^^^^^^^\nUnicodeEncodeError: 'charmap' codec can't encode character '\\u2705' in position 0: character maps to <undefined>\n",
        "meta": {
          "cmd": [
            "C:\\Python313\\python.exe",
            "F:\\AION-ZERO\\blocks\\env_compliance\\validator.py",
            "--input",
            "F:\\AION-ZERO\\blocks\\env_compliance\\sample\\env_sample.csv"
          ],
          "cwd": "F:\\AION-ZERO\\blocks\\env_compliance"
        }
      },
      "report_path": "F:\\AION-ZERO\\blocks\\env_compliance\\reports\\env_report_20251220_140313.json",
      "schema_problems": [],
      "pass": false
    },
    {
      "block": "hr_compliance",
      "guardrail": {
        "name": "guardrail:hr_compliance",
        "ok": false,
        "exit_code": 1,
        "stdout": "",
        "stderr": "Traceback (most recent call last):\n  File \"F:\\AION-ZERO\\core\\quality\\titan_guardrail.py\", line 460, in main\n    print_human_report(report)\n    ~~~~~~~~~~~~~~~~~~^^^^^^^^\n  File \"F:\\AION-ZERO\\core\\quality\\titan_guardrail.py\", line 397, in print_human_report\n    print(f\"\\U0001f6e1\\ufe0f TITAN GUARDRAIL \u2014 target: {report['target']}\")\n    ~~~~~^^^^^^^^^^^^^^^^^^^^^^^^^^^^^^^^^^^^^^^^^^^^^^^^^^^^\n  File \"C:\\Python313\\Lib\\encodings\\cp1252.py\", line 19, in encode\n    return codecs.charmap_encode(input,self.errors,encoding_table)[0]\n           ~~~~~~~~~~~~~~~~~~~~~^^^^^^^^^^^^^^^^^^^^^^^^^^^^^^^^^^\nUnicodeEncodeError: 'charmap' codec can't encode characters in position 0-1: character maps to <undefined>\n\nDuring handling of the above exception, another exception occurred:\n\nTraceback (most recent call last):\n  File \"F:\\AION-ZERO\\core\\quality\\titan_guardrail.py\", line 470, in <module>\n    main()\n    ~~~~^^\n  File \"F:\\AION-ZERO\\core\\quality\\titan_guardrail.py\", line 465, in main\n    print(\"\\u26d4 GUARDRAIL ERROR (tool failure):\", e)\n    ~~~~~^^^^^^^^^^^^^^^^^^^^^^^^^^^^^^^^^^^^^^^^^\n  File \"C:\\Python313\\Lib\\encodings\\cp1252.py\", line 19, in encode\n    return codecs.charmap_encode(input,self.errors,encoding_table)[0]\n           ~~~~~~~~~~~~~~~~~~~~~^^^^^^^^^^^^^^^^^^^^^^^^^^^^^^^^^^\nUnicodeEncodeError: 'charmap' codec can't encode character '\\u26d4' in position 0: character maps to <undefined>\n",
        "meta": {
          "cmd": [
            "C:\\Python313\\python.exe",
            "F:\\AION-ZERO\\core\\quality\\titan_guardrail.py",
            "--target",
            "F:\\AION-ZERO\\blocks\\hr_compliance",
            "--json",
            "F:\\AION-ZERO\\logs\\guardrail\\hr_compliance.json",
            "--strict",
            "--require-tools"
          ],
          "cwd": "F:\\AION-ZERO"
        }
      },
      "run": {
        "name": "run:hr_compliance",
        "ok": false,
        "exit_code": 1,
        "stdout": "",
        "stderr": "Traceback (most recent call last):\n  File \"F:\\AION-ZERO\\blocks\\hr_compliance\\validator.py\", line 179, in <module>\n    main()\n    ~~~~^^\n  File \"F:\\AION-ZERO\\blocks\\hr_compliance\\validator.py\", line 133, in main\n    gate.enforce(AutonomyLevel.L1_ADVISOR, \"TITAN-HR Validation Run\")\n    ~~~~~~~~~~~~^^^^^^^^^^^^^^^^^^^^^^^^^^^^^^^^^^^^^^^^^^^^^^^^^^^^^\n  File \"F:\\AION-ZERO\\core\\autonomy.py\", line 49, in enforce\n    if not self.check_permission(required_level, action_name):\n           ~~~~~~~~~~~~~~~~~~~~~^^^^^^^^^^^^^^^^^^^^^^^^^^^^^\n  File \"F:\\AION-ZERO\\core\\autonomy.py\", line 42, in check_permission\n    print(f\"\\u2705 Autonomy Check Passed: '{action_name}' ({required_level.name}) <= System ({self.global_level.name})\")\n    ~~~~~^^^^^^^^^^^^^^^^^^^^^^^^^^^^^^^^^^^^^^^^^^^^^^^^^^^^^^^^^^^^^^^^^^^^^^^^^^^^^^^^^^^^^^^^^^^^^^^^^^^^^^^^^^^\n  File \"C:\\Python313\\Lib\\encodings\\cp1252.py\", line 19, in encode\n    return codecs.charmap_encode(input,self.errors,encoding_table)[0]\n           ~~~~~~~~~~~~~~~~~~~~~^^^^^^^^^^^^^^^^^^^^^^^^^^^^^^^^^^\nUnicodeEncodeError: 'charmap' codec can't encode character '\\u2705' in position 0: character maps to <undefined>\n",
        "meta": {
          "cmd": [
            "C:\\Python313\\python.exe",
            "F:\\AION-ZERO\\blocks\\hr_compliance\\validator.py",
            "--input",
            "F:\\AION-ZERO\\blocks\\hr_compliance\\sample\\employees_sample.csv"
          ],
          "cwd": "F:\\AION-ZERO\\blocks\\hr_compliance"
        }
      },
      "report_path": "F:\\AION-ZERO\\blocks\\hr_compliance\\reports\\compliance_report_20251220_140311.json",
      "schema_problems": [],
      "pass": false
    },
    {
      "block": "labour_obligations",
      "guardrail": {
        "name": "guardrail:labour_obligations",
        "ok": false,
        "exit_code": 1,
        "stdout": "",
        "stderr": "Traceback (most recent call last):\n  File \"F:\\AION-ZERO\\core\\quality\\titan_guardrail.py\", line 460, in main\n    print_human_report(report)\n    ~~~~~~~~~~~~~~~~~~^^^^^^^^\n  File \"F:\\AION-ZERO\\core\\quality\\titan_guardrail.py\", line 397, in print_human_report\n    print(f\"\\U0001f6e1\\ufe0f TITAN GUARDRAIL \u2014 target: {report['target']}\")\n    ~~~~~^^^^^^^^^^^^^^^^^^^^^^^^^^^^^^^^^^^^^^^^^^^^^^^^^^^^\n  File \"C:\\Python313\\Lib\\encodings\\cp1252.py\", line 19, in encode\n    return codecs.charmap_encode(input,self.errors,encoding_table)[0]\n           ~~~~~~~~~~~~~~~~~~~~~^^^^^^^^^^^^^^^^^^^^^^^^^^^^^^^^^^\nUnicodeEncodeError: 'charmap' codec can't encode characters in position 0-1: character maps to <undefined>\n\nDuring handling of the above exception, another exception occurred:\n\nTraceback (most recent call last):\n  File \"F:\\AION-ZERO\\core\\quality\\titan_guardrail.py\", line 470, in <module>\n    main()\n    ~~~~^^\n  File \"F:\\AION-ZERO\\core\\quality\\titan_guardrail.py\", line 465, in main\n    print(\"\\u26d4 GUARDRAIL ERROR (tool failure):\", e)\n    ~~~~~^^^^^^^^^^^^^^^^^^^^^^^^^^^^^^^^^^^^^^^^^\n  File \"C:\\Python313\\Lib\\encodings\\cp1252.py\", line 19, in encode\n    return codecs.charmap_encode(input,self.errors,encoding_table)[0]\n           ~~~~~~~~~~~~~~~~~~~~~^^^^^^^^^^^^^^^^^^^^^^^^^^^^^^^^^^\nUnicodeEncodeError: 'charmap' codec can't encode character '\\u26d4' in position 0: character maps to <undefined>\n",
        "meta": {
          "cmd": [
            "C:\\Python313\\python.exe",
            "F:\\AION-ZERO\\core\\quality\\titan_guardrail.py",
            "--target",
            "F:\\AION-ZERO\\blocks\\labour_obligations",
            "--json",
            "F:\\AION-ZERO\\logs\\guardrail\\labour_obligations.json",
            "--strict",
            "--require-tools"
          ],
          "cwd": "F:\\AION-ZERO"
        }
      },
      "run": {
        "name": "run:labour_obligations",
        "ok": false,
        "exit_code": 1,
        "stdout": "",
        "stderr": "Traceback (most recent call last):\n  File \"F:\\AION-ZERO\\blocks\\labour_obligations\\validator.py\", line 181, in <module>\n    main()\n    ~~~~^^\n  File \"F:\\AION-ZERO\\blocks\\labour_obligations\\validator.py\", line 146, in main\n    gate.enforce(AutonomyLevel.L1_ADVISOR, \"TITAN-LABOUR Validation Run\")\n    ~~~~~~~~~~~~^^^^^^^^^^^^^^^^^^^^^^^^^^^^^^^^^^^^^^^^^^^^^^^^^^^^^^^^^\n  File \"F:\\AION-ZERO\\core\\autonomy.py\", line 49, in enforce\n    if not self.check_permission(required_level, action_name):\n           ~~~~~~~~~~~~~~~~~~~~~^^^^^^^^^^^^^^^^^^^^^^^^^^^^^\n  File \"F:\\AION-ZERO\\core\\autonomy.py\", line 42, in check_permission\n    print(f\"\\u2705 Autonomy Check Passed: '{action_name}' ({required_level.name}) <= System ({self.global_level.name})\")\n    ~~~~~^^^^^^^^^^^^^^^^^^^^^^^^^^^^^^^^^^^^^^^^^^^^^^^^^^^^^^^^^^^^^^^^^^^^^^^^^^^^^^^^^^^^^^^^^^^^^^^^^^^^^^^^^^^\n  File \"C:\\Python313\\Lib\\encodings\\cp1252.py\", line 19, in encode\n    return codecs.charmap_encode(input,self.errors,encoding_table)[0]\n           ~~~~~~~~~~~~~~~~~~~~~^^^^^^^^^^^^^^^^^^^^^^^^^^^^^^^^^^\nUnicodeEncodeError: 'charmap' codec can't encode character '\\u2705' in position 0: character maps to <undefined>\n",
        "meta": {
          "cmd": [
            "C:\\Python313\\python.exe",
            "F:\\AION-ZERO\\blocks\\labour_obligations\\validator.py",
            "--input",
            "F:\\AION-ZERO\\blocks\\labour_obligations\\sample\\labour_sample.csv"
          ],
          "cwd": "F:\\AION-ZERO\\blocks\\labour_obligations"
        }
      },
      "report_path": "F:\\AION-ZERO\\blocks\\labour_obligations\\reports\\labour_report_20251220_140313.json",
      "schema_problems": [],
      "pass": false
    }
  ],
  "team": {
    "name": "team:pipeline",
    "ok": false,
    "exit_code": 1,
    "stdout": "",
    "stderr": "",
    "meta": {
      "order": [
        "hr_compliance",
        "env_compliance"
      ],
      "steps": [
        {
          "block": "hr_compliance",
          "guardrail_ok": false,
          "run_ok": false,
          "run_exit": 1,
          "report": "F:\\AION-ZERO\\blocks\\hr_compliance\\reports\\compliance_report_20251220_140311.json",
          "schema_problems": []
        },
        {
          "block": "env_compliance",
          "guardrail_ok": false,
          "run_ok": false,
          "run_exit": 1,
          "report": "F:\\AION-ZERO\\blocks\\env_compliance\\reports\\env_report_20251220_140313.json",
          "schema_problems": []
        }
      ]
    }
  },
  "pass": false
}